[INFO] Scanning for projects...
[INFO] 
[INFO] ----------------------< com.Shadows:auth-service >----------------------
[INFO] Building auth-service 0.0.1-SNAPSHOT
[INFO]   from pom.xml
[INFO] --------------------------------[ jar ]---------------------------------
[INFO] 
[INFO] >>> spring-boot:3.2.5:run (default-cli) > test-compile @ auth-service >>>
[WARNING] The artifact mysql:mysql-connector-java:jar:8.0.33 has been relocated to com.mysql:mysql-connector-j:jar:8.0.33: MySQL Connector/J artifacts moved to reverse-DNS compliant Maven 2+ coordinates.
[INFO] 
[INFO] --- resources:3.3.1:resources (default-resources) @ auth-service ---
[INFO] Copying 1 resource from src\main\resources to target\classes
[INFO] Copying 2 resources from src\main\resources to target\classes
[INFO] 
[INFO] --- compiler:3.11.0:compile (default-compile) @ auth-service ---
[INFO] Nothing to compile - all classes are up to date
[INFO] 
[INFO] --- resources:3.3.1:testResources (default-testResources) @ auth-service ---
[INFO] skip non existing resourceDirectory C:\Users\f\Desktop\NBLBFINAl\auth-service\src\test\resources
[INFO] 
[INFO] --- compiler:3.11.0:testCompile (default-testCompile) @ auth-service ---
[INFO] Nothing to compile - all classes are up to date
[INFO] 
[INFO] <<< spring-boot:3.2.5:run (default-cli) < test-compile @ auth-service <<<
[INFO] 
[INFO] 
[INFO] --- spring-boot:3.2.5:run (default-cli) @ auth-service ---
[INFO] Attaching agents: []

  .   ____          _            __ _ _
 /\\ / ___'_ __ _ _(_)_ __  __ _ \ \ \ \
( ( )\___ | '_ | '_| | '_ \/ _` | \ \ \ \
 \\/  ___)| |_)| | | | | || (_| |  ) ) ) )
  '  |____| .__|_| |_|_| |_\__, | / / / /
 =========|_|==============|___/=/_/_/_/
 :: Spring Boot ::                (v3.2.5)

2025-12-27T14:19:28.072+01:00  INFO 247956 --- [auth-service] [           main] c.S.authservice.AuthServiceApplication   : Starting AuthServiceApplication using Java 17.0.7 with PID 247956 (C:\Users\f\Desktop\NBLBFINAl\auth-service\target\classes started by MONTAHA in C:\Users\f\Desktop\NBLBFINAl\auth-service)
2025-12-27T14:19:28.077+01:00  INFO 247956 --- [auth-service] [           main] c.S.authservice.AuthServiceApplication   : No active profile set, falling back to 1 default profile: "default"
2025-12-27T14:19:29.729+01:00  INFO 247956 --- [auth-service] [           main] .s.d.r.c.RepositoryConfigurationDelegate : Bootstrapping Spring Data JPA repositories in DEFAULT mode.
2025-12-27T14:19:30.163+01:00  INFO 247956 --- [auth-service] [           main] .s.d.r.c.RepositoryConfigurationDelegate : Finished Spring Data repository scanning in 416 ms. Found 1 JPA repository interface.
2025-12-27T14:19:30.729+01:00  INFO 247956 --- [auth-service] [           main] o.s.cloud.context.scope.GenericScope     : BeanFactory id=8f6a2d09-94f2-3fee-a5f2-5e10d3c730e6
2025-12-27T14:19:31.007+01:00  WARN 247956 --- [auth-service] [           main] trationDelegate$BeanPostProcessorChecker : Bean 'org.springframework.cloud.client.loadbalancer.LoadBalancerAutoConfiguration$DeferringLoadBalancerInterceptorConfig' of type [org.springframework.cloud.client.loadbalancer.LoadBalancerAutoConfiguration$DeferringLoadBalancerInterceptorConfig] is not eligible for getting processed by all BeanPostProcessors (for example: not eligible for auto-proxying). The currently created BeanPostProcessor [lbRestClientPostProcessor] is declared through a non-static factory method on that class; consider declaring it as static instead.
2025-12-27T14:19:31.012+01:00  WARN 247956 --- [auth-service] [           main] trationDelegate$BeanPostProcessorChecker : Bean 'deferringLoadBalancerInterceptor' of type [org.springframework.cloud.client.loadbalancer.DeferringLoadBalancerInterceptor] is not eligible for getting processed by all BeanPostProcessors (for example: not eligible for auto-proxying). Is this bean getting eagerly injected into a currently created BeanPostProcessor [lbRestClientPostProcessor]? Check the corresponding BeanPostProcessor declaration and its dependencies.
2025-12-27T14:19:31.622+01:00  INFO 247956 --- [auth-service] [           main] o.s.b.w.embedded.tomcat.TomcatWebServer  : Tomcat initialized with port 8090 (http)
2025-12-27T14:19:31.646+01:00  INFO 247956 --- [auth-service] [           main] o.apache.catalina.core.StandardService   : Starting service [Tomcat]
2025-12-27T14:19:31.647+01:00  INFO 247956 --- [auth-service] [           main] o.apache.catalina.core.StandardEngine    : Starting Servlet engine: [Apache Tomcat/10.1.20]
2025-12-27T14:19:31.822+01:00  INFO 247956 --- [auth-service] [           main] o.a.c.c.C.[Tomcat].[localhost].[/]       : Initializing Spring embedded WebApplicationContext
2025-12-27T14:19:31.825+01:00  INFO 247956 --- [auth-service] [           main] w.s.c.ServletWebServerApplicationContext : Root WebApplicationContext: initialization completed in 3634 ms
2025-12-27T14:19:32.145+01:00  INFO 247956 --- [auth-service] [           main] o.hibernate.jpa.internal.util.LogHelper  : HHH000204: Processing PersistenceUnitInfo [name: default]
2025-12-27T14:19:32.272+01:00  INFO 247956 --- [auth-service] [           main] org.hibernate.Version                    : HHH000412: Hibernate ORM core version 6.4.4.Final
2025-12-27T14:19:32.391+01:00  INFO 247956 --- [auth-service] [           main] o.h.c.internal.RegionFactoryInitiator    : HHH000026: Second-level cache disabled
2025-12-27T14:19:32.891+01:00  INFO 247956 --- [auth-service] [           main] o.s.o.j.p.SpringPersistenceUnitInfo      : No LoadTimeWeaver setup: ignoring JPA class transformer
2025-12-27T14:19:32.948+01:00  INFO 247956 --- [auth-service] [           main] com.zaxxer.hikari.HikariDataSource       : HikariPool-1 - Starting...
2025-12-27T14:19:33.627+01:00  INFO 247956 --- [auth-service] [           main] com.zaxxer.hikari.pool.HikariPool        : HikariPool-1 - Added connection com.mysql.cj.jdbc.ConnectionImpl@e72fb04
2025-12-27T14:19:33.631+01:00  INFO 247956 --- [auth-service] [           main] com.zaxxer.hikari.HikariDataSource       : HikariPool-1 - Start completed.
2025-12-27T14:19:33.793+01:00  WARN 247956 --- [auth-service] [           main] org.hibernate.dialect.Dialect            : HHH000511: The 5.5.0 version for [org.hibernate.dialect.MySQLDialect] is no longer supported, hence certain features may not work properly. The minimum supported version is 8.0.0. Check the community dialects project for available legacy versions.
2025-12-27T14:19:35.580+01:00  INFO 247956 --- [auth-service] [           main] o.h.e.t.j.p.i.JtaPlatformInitiator       : HHH000489: No JTA platform available (set 'hibernate.transaction.jta.platform' to enable JTA platform integration)
2025-12-27T14:19:35.683+01:00  INFO 247956 --- [auth-service] [           main] j.LocalContainerEntityManagerFactoryBean : Initialized JPA EntityManagerFactory for persistence unit 'default'
2025-12-27T14:19:36.161+01:00  WARN 247956 --- [auth-service] [           main] JpaBaseConfiguration$JpaWebConfiguration : spring.jpa.open-in-view is enabled by default. Therefore, database queries may be performed during view rendering. Explicitly configure spring.jpa.open-in-view to disable this warning
2025-12-27T14:19:36.680+01:00  INFO 247956 --- [auth-service] [           main] o.s.s.web.DefaultSecurityFilterChain     : Will secure any request with [org.springframework.security.web.session.DisableEncodeUrlFilter@1bcca516, org.springframework.security.web.context.request.async.WebAsyncManagerIntegrationFilter@cef23a8, org.springframework.security.web.context.SecurityContextHolderFilter@1516f497, org.springframework.security.web.header.HeaderWriterFilter@91c11b6, org.springframework.web.filter.CorsFilter@762d2e4c, org.springframework.security.web.authentication.logout.LogoutFilter@18d63996, com.Shadows.authservice.util.JwtAuthenticationFilter@4f93bf0a, org.springframework.security.web.savedrequest.RequestCacheAwareFilter@4d204b30, org.springframework.security.web.servletapi.SecurityContextHolderAwareRequestFilter@6600d07d, org.springframework.security.web.authentication.AnonymousAuthenticationFilter@1e4bf55b, org.springframework.security.web.session.SessionManagementFilter@604e8a6, org.springframework.security.web.access.ExceptionTranslationFilter@427c2c96, org.springframework.security.web.access.intercept.AuthorizationFilter@4f3b11e6]
2025-12-27T14:19:37.405+01:00  INFO 247956 --- [auth-service] [           main] DiscoveryClientOptionalArgsConfiguration : Eureka HTTP Client uses RestTemplate.
2025-12-27T14:19:37.452+01:00  WARN 247956 --- [auth-service] [           main] iguration$LoadBalancerCaffeineWarnLogger : Spring Cloud LoadBalancer is currently working with the default cache. While this cache implementation is useful for development and tests, it's recommended to use Caffeine cache in production.You can switch to using Caffeine cache, by adding it and org.springframework.cache.caffeine.CaffeineCacheManager to the classpath.
2025-12-27T14:19:37.483+01:00  INFO 247956 --- [auth-service] [           main] o.s.c.n.eureka.InstanceInfoFactory       : Setting initial instance status as: STARTING
2025-12-27T14:19:37.516+01:00  INFO 247956 --- [auth-service] [           main] com.netflix.discovery.DiscoveryClient    : Initializing Eureka in region us-east-1
2025-12-27T14:19:37.522+01:00  INFO 247956 --- [auth-service] [           main] c.n.d.s.r.aws.ConfigClusterResolver      : Resolving eureka endpoints via configuration
2025-12-27T14:19:37.537+01:00  INFO 247956 --- [auth-service] [           main] com.netflix.discovery.DiscoveryClient    : Disable delta property : false
2025-12-27T14:19:37.538+01:00  INFO 247956 --- [auth-service] [           main] com.netflix.discovery.DiscoveryClient    : Single vip registry refresh property : null
2025-12-27T14:19:37.538+01:00  INFO 247956 --- [auth-service] [           main] com.netflix.discovery.DiscoveryClient    : Force full registry fetch : false
2025-12-27T14:19:37.538+01:00  INFO 247956 --- [auth-service] [           main] com.netflix.discovery.DiscoveryClient    : Application is null : false
2025-12-27T14:19:37.538+01:00  INFO 247956 --- [auth-service] [           main] com.netflix.discovery.DiscoveryClient    : Registered Applications size is zero : true
2025-12-27T14:19:37.538+01:00  INFO 247956 --- [auth-service] [           main] com.netflix.discovery.DiscoveryClient    : Application version is -1: true
2025-12-27T14:19:37.538+01:00  INFO 247956 --- [auth-service] [           main] com.netflix.discovery.DiscoveryClient    : Getting all instance registry info from the eureka server
2025-12-27T14:19:38.087+01:00  INFO 247956 --- [auth-service] [           main] com.netflix.discovery.DiscoveryClient    : The response status is 200
2025-12-27T14:19:38.091+01:00  INFO 247956 --- [auth-service] [           main] com.netflix.discovery.DiscoveryClient    : Starting heartbeat executor: renew interval is: 30
2025-12-27T14:19:38.095+01:00  INFO 247956 --- [auth-service] [           main] c.n.discovery.InstanceInfoReplicator     : InstanceInfoReplicator onDemand update allowed rate per min is 4
2025-12-27T14:19:38.099+01:00  INFO 247956 --- [auth-service] [           main] com.netflix.discovery.DiscoveryClient    : Discovery Client initialized at timestamp 1766841578098 with initial instances count: 4
2025-12-27T14:19:38.106+01:00  INFO 247956 --- [auth-service] [           main] o.s.c.n.e.s.EurekaServiceRegistry        : Registering application AUTH-SERVICE with eureka with status UP
2025-12-27T14:19:38.106+01:00  INFO 247956 --- [auth-service] [           main] com.netflix.discovery.DiscoveryClient    : Saw local status change event StatusChangeEvent [timestamp=1766841578106, current=UP, previous=STARTING]
2025-12-27T14:19:38.110+01:00  INFO 247956 --- [auth-service] [foReplicator-%d] com.netflix.discovery.DiscoveryClient    : DiscoveryClient_AUTH-SERVICE/DESKTOP-1KJNFGD:auth-service:8090: registering service...
2025-12-27T14:19:38.165+01:00  INFO 247956 --- [auth-service] [           main] o.s.b.w.embedded.tomcat.TomcatWebServer  : Tomcat started on port 8090 (http) with context path ''
2025-12-27T14:19:38.165+01:00  INFO 247956 --- [auth-service] [           main] .s.c.n.e.s.EurekaAutoServiceRegistration : Updating port to 8090
2025-12-27T14:19:38.254+01:00  INFO 247956 --- [auth-service] [foReplicator-%d] com.netflix.discovery.DiscoveryClient    : DiscoveryClient_AUTH-SERVICE/DESKTOP-1KJNFGD:auth-service:8090 - registration status: 204
2025-12-27T14:19:38.390+01:00  INFO 247956 --- [auth-service] [           main] c.S.authservice.AuthServiceApplication   : Started AuthServiceApplication in 11.809 seconds (process running for 12.901)
2025-12-27T14:19:51.346+01:00  INFO 247956 --- [auth-service] [nio-8090-exec-1] o.a.c.c.C.[Tomcat].[localhost].[/]       : Initializing Spring DispatcherServlet 'dispatcherServlet'
2025-12-27T14:19:51.346+01:00  INFO 247956 --- [auth-service] [nio-8090-exec-1] o.s.web.servlet.DispatcherServlet        : Initializing Servlet 'dispatcherServlet'
2025-12-27T14:19:51.348+01:00  INFO 247956 --- [auth-service] [nio-8090-exec-1] o.s.web.servlet.DispatcherServlet        : Completed initialization in 2 ms
2025-12-27T14:19:51.381+01:00 DEBUG 247956 --- [auth-service] [nio-8090-exec-1] o.s.security.web.FilterChainProxy        : Securing POST /auth/api/register
2025-12-27T14:19:51.408+01:00 DEBUG 247956 --- [auth-service] [nio-8090-exec-1] o.s.s.w.a.AnonymousAuthenticationFilter  : Set SecurityContextHolder to anonymous SecurityContext
2025-12-27T14:19:51.410+01:00 DEBUG 247956 --- [auth-service] [nio-8090-exec-1] o.s.security.web.FilterChainProxy        : Secured POST /auth/api/register
Hibernate: select u1_0.id,u1_0.email,u1_0.password,u1_0.role,u1_0.username from users u1_0 where u1_0.username=?
Hibernate: select u1_0.id,u1_0.email,u1_0.password,u1_0.role,u1_0.username from users u1_0 where u1_0.email=?
Hibernate: insert into users (email,password,role,username) values (?,?,?,?)
2025-12-27T14:24:23.717+01:00 DEBUG 247956 --- [auth-service] [nio-8090-exec-5] o.s.security.web.FilterChainProxy        : Securing POST /auth/api/register
2025-12-27T14:24:23.748+01:00 DEBUG 247956 --- [auth-service] [nio-8090-exec-5] o.s.s.w.a.AnonymousAuthenticationFilter  : Set SecurityContextHolder to anonymous SecurityContext
2025-12-27T14:24:23.750+01:00 DEBUG 247956 --- [auth-service] [nio-8090-exec-5] o.s.security.web.FilterChainProxy        : Secured POST /auth/api/register
Hibernate: select u1_0.id,u1_0.email,u1_0.password,u1_0.role,u1_0.username from users u1_0 where u1_0.username=?
Hibernate: select u1_0.id,u1_0.email,u1_0.password,u1_0.role,u1_0.username from users u1_0 where u1_0.email=?
Hibernate: insert into users (email,password,role,username) values (?,?,?,?)
2025-12-27T14:24:37.572+01:00  INFO 247956 --- [auth-service] [rap-executor-%d] c.n.d.s.r.aws.ConfigClusterResolver      : Resolving eureka endpoints via configuration
2025-12-27T14:27:31.085+01:00 DEBUG 247956 --- [auth-service] [nio-8090-exec-9] o.s.security.web.FilterChainProxy        : Securing POST /auth/api/register
2025-12-27T14:27:31.119+01:00 DEBUG 247956 --- [auth-service] [nio-8090-exec-9] o.s.s.w.a.AnonymousAuthenticationFilter  : Set SecurityContextHolder to anonymous SecurityContext
2025-12-27T14:27:31.121+01:00 DEBUG 247956 --- [auth-service] [nio-8090-exec-9] o.s.security.web.FilterChainProxy        : Secured POST /auth/api/register
Hibernate: select u1_0.id,u1_0.email,u1_0.password,u1_0.role,u1_0.username from users u1_0 where u1_0.username=?
2025-12-27T14:27:31.742+01:00 DEBUG 247956 --- [auth-service] [nio-8090-exec-7] o.s.security.web.FilterChainProxy        : Securing POST /auth/api/register
2025-12-27T14:27:31.744+01:00 DEBUG 247956 --- [auth-service] [nio-8090-exec-7] o.s.s.w.a.AnonymousAuthenticationFilter  : Set SecurityContextHolder to anonymous SecurityContext
2025-12-27T14:27:31.744+01:00 DEBUG 247956 --- [auth-service] [nio-8090-exec-7] o.s.security.web.FilterChainProxy        : Secured POST /auth/api/register
Hibernate: select u1_0.id,u1_0.email,u1_0.password,u1_0.role,u1_0.username from users u1_0 where u1_0.username=?
2025-12-27T14:27:33.144+01:00 DEBUG 247956 --- [auth-service] [nio-8090-exec-6] o.s.security.web.FilterChainProxy        : Securing POST /auth/api/register
2025-12-27T14:27:33.145+01:00 DEBUG 247956 --- [auth-service] [nio-8090-exec-6] o.s.s.w.a.AnonymousAuthenticationFilter  : Set SecurityContextHolder to anonymous SecurityContext
2025-12-27T14:27:33.146+01:00 DEBUG 247956 --- [auth-service] [nio-8090-exec-6] o.s.security.web.FilterChainProxy        : Secured POST /auth/api/register
Hibernate: select u1_0.id,u1_0.email,u1_0.password,u1_0.role,u1_0.username from users u1_0 where u1_0.username=?
2025-12-27T14:27:34.270+01:00 DEBUG 247956 --- [auth-service] [nio-8090-exec-2] o.s.security.web.FilterChainProxy        : Securing POST /auth/api/register
2025-12-27T14:27:34.272+01:00 DEBUG 247956 --- [auth-service] [nio-8090-exec-2] o.s.s.w.a.AnonymousAuthenticationFilter  : Set SecurityContextHolder to anonymous SecurityContext
2025-12-27T14:27:34.272+01:00 DEBUG 247956 --- [auth-service] [nio-8090-exec-2] o.s.security.web.FilterChainProxy        : Secured POST /auth/api/register
Hibernate: select u1_0.id,u1_0.email,u1_0.password,u1_0.role,u1_0.username from users u1_0 where u1_0.username=?
2025-12-27T14:28:12.839+01:00  INFO 247956 --- [auth-service] [beatExecutor-%d] com.netflix.discovery.DiscoveryClient    : DiscoveryClient_AUTH-SERVICE/DESKTOP-1KJNFGD:auth-service:8090 - Re-registering apps/AUTH-SERVICE
2025-12-27T14:28:12.841+01:00  INFO 247956 --- [auth-service] [beatExecutor-%d] com.netflix.discovery.DiscoveryClient    : DiscoveryClient_AUTH-SERVICE/DESKTOP-1KJNFGD:auth-service:8090: registering service...
2025-12-27T14:28:12.864+01:00  INFO 247956 --- [auth-service] [beatExecutor-%d] com.netflix.discovery.DiscoveryClient    : DiscoveryClient_AUTH-SERVICE/DESKTOP-1KJNFGD:auth-service:8090 - registration status: 204
2025-12-27T14:28:58.442+01:00 DEBUG 247956 --- [auth-service] [nio-8090-exec-3] o.s.security.web.FilterChainProxy        : Securing POST /auth/api/register
2025-12-27T14:28:58.443+01:00 DEBUG 247956 --- [auth-service] [nio-8090-exec-3] o.s.s.w.a.AnonymousAuthenticationFilter  : Set SecurityContextHolder to anonymous SecurityContext
2025-12-27T14:28:58.443+01:00 DEBUG 247956 --- [auth-service] [nio-8090-exec-3] o.s.security.web.FilterChainProxy        : Secured POST /auth/api/register
Hibernate: select u1_0.id,u1_0.email,u1_0.password,u1_0.role,u1_0.username from users u1_0 where u1_0.username=?
Hibernate: select u1_0.id,u1_0.email,u1_0.password,u1_0.role,u1_0.username from users u1_0 where u1_0.email=?
Hibernate: insert into users (email,password,role,username) values (?,?,?,?)
2025-12-27T14:29:16.563+01:00 DEBUG 247956 --- [auth-service] [io-8090-exec-10] o.s.security.web.FilterChainProxy        : Securing POST /auth/api/login
2025-12-27T14:29:16.565+01:00 DEBUG 247956 --- [auth-service] [io-8090-exec-10] o.s.s.w.a.AnonymousAuthenticationFilter  : Set SecurityContextHolder to anonymous SecurityContext
2025-12-27T14:29:16.565+01:00 DEBUG 247956 --- [auth-service] [io-8090-exec-10] o.s.security.web.FilterChainProxy        : Secured POST /auth/api/login
Hibernate: select u1_0.id,u1_0.email,u1_0.password,u1_0.role,u1_0.username from users u1_0 where u1_0.username=?
2025-12-27T14:29:37.593+01:00  INFO 247956 --- [auth-service] [rap-executor-%d] c.n.d.s.r.aws.ConfigClusterResolver      : Resolving eureka endpoints via configuration
2025-12-27T14:29:54.103+01:00 DEBUG 247956 --- [auth-service] [nio-8090-exec-1] o.s.security.web.FilterChainProxy        : Securing POST /auth/api/register
2025-12-27T14:29:54.104+01:00 DEBUG 247956 --- [auth-service] [nio-8090-exec-1] o.s.s.w.a.AnonymousAuthenticationFilter  : Set SecurityContextHolder to anonymous SecurityContext
2025-12-27T14:29:54.105+01:00 DEBUG 247956 --- [auth-service] [nio-8090-exec-1] o.s.security.web.FilterChainProxy        : Secured POST /auth/api/register
Hibernate: select u1_0.id,u1_0.email,u1_0.password,u1_0.role,u1_0.username from users u1_0 where u1_0.username=?
Hibernate: select u1_0.id,u1_0.email,u1_0.password,u1_0.role,u1_0.username from users u1_0 where u1_0.email=?
Hibernate: insert into users (email,password,role,username) values (?,?,?,?)
2025-12-27T14:30:00.801+01:00 DEBUG 247956 --- [auth-service] [nio-8090-exec-4] o.s.security.web.FilterChainProxy        : Securing POST /auth/api/login
2025-12-27T14:30:00.802+01:00 DEBUG 247956 --- [auth-service] [nio-8090-exec-4] o.s.s.w.a.AnonymousAuthenticationFilter  : Set SecurityContextHolder to anonymous SecurityContext
2025-12-27T14:30:00.802+01:00 DEBUG 247956 --- [auth-service] [nio-8090-exec-4] o.s.security.web.FilterChainProxy        : Secured POST /auth/api/login
Hibernate: select u1_0.id,u1_0.email,u1_0.password,u1_0.role,u1_0.username from users u1_0 where u1_0.username=?
2025-12-27T14:34:37.610+01:00  INFO 247956 --- [auth-service] [rap-executor-%d] c.n.d.s.r.aws.ConfigClusterResolver      : Resolving eureka endpoints via configuration
2025-12-27T14:39:37.634+01:00  INFO 247956 --- [auth-service] [rap-executor-%d] c.n.d.s.r.aws.ConfigClusterResolver      : Resolving eureka endpoints via configuration
2025-12-27T14:42:58.600+01:00 DEBUG 247956 --- [auth-service] [nio-8090-exec-8] o.s.security.web.FilterChainProxy        : Securing POST /auth/api/register
2025-12-27T14:42:58.621+01:00 DEBUG 247956 --- [auth-service] [nio-8090-exec-8] o.s.s.w.a.AnonymousAuthenticationFilter  : Set SecurityContextHolder to anonymous SecurityContext
2025-12-27T14:42:58.623+01:00 DEBUG 247956 --- [auth-service] [nio-8090-exec-8] o.s.security.web.FilterChainProxy        : Secured POST /auth/api/register
Hibernate: select u1_0.id,u1_0.email,u1_0.password,u1_0.role,u1_0.username from users u1_0 where u1_0.username=?
Hibernate: select u1_0.id,u1_0.email,u1_0.password,u1_0.role,u1_0.username from users u1_0 where u1_0.email=?
Hibernate: insert into users (email,password,role,username) values (?,?,?,?)
2025-12-27T14:42:59.167+01:00 DEBUG 247956 --- [auth-service] [nio-8090-exec-9] o.s.security.web.FilterChainProxy        : Securing POST /auth/api/login
2025-12-27T14:42:59.168+01:00 DEBUG 247956 --- [auth-service] [nio-8090-exec-9] o.s.s.w.a.AnonymousAuthenticationFilter  : Set SecurityContextHolder to anonymous SecurityContext
2025-12-27T14:42:59.168+01:00 DEBUG 247956 --- [auth-service] [nio-8090-exec-9] o.s.security.web.FilterChainProxy        : Secured POST /auth/api/login
Hibernate: select u1_0.id,u1_0.email,u1_0.password,u1_0.role,u1_0.username from users u1_0 where u1_0.username=?
2025-12-27T14:44:37.697+01:00  INFO 247956 --- [auth-service] [rap-executor-%d] c.n.d.s.r.aws.ConfigClusterResolver      : Resolving eureka endpoints via configuration
2025-12-27T14:46:11.033+01:00 DEBUG 247956 --- [auth-service] [nio-8090-exec-6] o.s.security.web.FilterChainProxy        : Securing POST /auth/api/register
2025-12-27T14:46:11.043+01:00 DEBUG 247956 --- [auth-service] [nio-8090-exec-6] o.s.s.w.a.AnonymousAuthenticationFilter  : Set SecurityContextHolder to anonymous SecurityContext
2025-12-27T14:46:11.044+01:00 DEBUG 247956 --- [auth-service] [nio-8090-exec-6] o.s.security.web.FilterChainProxy        : Secured POST /auth/api/register
Hibernate: select u1_0.id,u1_0.email,u1_0.password,u1_0.role,u1_0.username from users u1_0 where u1_0.username=?
Hibernate: select u1_0.id,u1_0.email,u1_0.password,u1_0.role,u1_0.username from users u1_0 where u1_0.email=?
Hibernate: insert into users (email,password,role,username) values (?,?,?,?)
2025-12-27T14:46:11.416+01:00 DEBUG 247956 --- [auth-service] [nio-8090-exec-2] o.s.security.web.FilterChainProxy        : Securing POST /auth/api/login
2025-12-27T14:46:11.417+01:00 DEBUG 247956 --- [auth-service] [nio-8090-exec-2] o.s.s.w.a.AnonymousAuthenticationFilter  : Set SecurityContextHolder to anonymous SecurityContext
2025-12-27T14:46:11.417+01:00 DEBUG 247956 --- [auth-service] [nio-8090-exec-2] o.s.security.web.FilterChainProxy        : Secured POST /auth/api/login
Hibernate: select u1_0.id,u1_0.email,u1_0.password,u1_0.role,u1_0.username from users u1_0 where u1_0.username=?
2025-12-27T14:49:25.585+01:00 DEBUG 247956 --- [auth-service] [io-8090-exec-10] o.s.security.web.FilterChainProxy        : Securing POST /auth/api/register
2025-12-27T14:49:25.596+01:00 DEBUG 247956 --- [auth-service] [io-8090-exec-10] o.s.s.w.a.AnonymousAuthenticationFilter  : Set SecurityContextHolder to anonymous SecurityContext
2025-12-27T14:49:25.597+01:00 DEBUG 247956 --- [auth-service] [io-8090-exec-10] o.s.security.web.FilterChainProxy        : Secured POST /auth/api/register
Hibernate: select u1_0.id,u1_0.email,u1_0.password,u1_0.role,u1_0.username from users u1_0 where u1_0.username=?
Hibernate: select u1_0.id,u1_0.email,u1_0.password,u1_0.role,u1_0.username from users u1_0 where u1_0.email=?
Hibernate: insert into users (email,password,role,username) values (?,?,?,?)
2025-12-27T14:49:25.871+01:00 DEBUG 247956 --- [auth-service] [nio-8090-exec-1] o.s.security.web.FilterChainProxy        : Securing POST /auth/api/login
2025-12-27T14:49:25.872+01:00 DEBUG 247956 --- [auth-service] [nio-8090-exec-1] o.s.s.w.a.AnonymousAuthenticationFilter  : Set SecurityContextHolder to anonymous SecurityContext
2025-12-27T14:49:25.872+01:00 DEBUG 247956 --- [auth-service] [nio-8090-exec-1] o.s.security.web.FilterChainProxy        : Secured POST /auth/api/login
Hibernate: select u1_0.id,u1_0.email,u1_0.password,u1_0.role,u1_0.username from users u1_0 where u1_0.username=?
2025-12-27T14:49:37.715+01:00  INFO 247956 --- [auth-service] [rap-executor-%d] c.n.d.s.r.aws.ConfigClusterResolver      : Resolving eureka endpoints via configuration
2025-12-27T14:54:37.726+01:00  INFO 247956 --- [auth-service] [rap-executor-%d] c.n.d.s.r.aws.ConfigClusterResolver      : Resolving eureka endpoints via configuration
2025-12-27T14:59:37.748+01:00  INFO 247956 --- [auth-service] [rap-executor-%d] c.n.d.s.r.aws.ConfigClusterResolver      : Resolving eureka endpoints via configuration
^C