[INFO] Scanning for projects...
[INFO] 
[INFO] ---------------------< com.Shadows:order-service >----------------------
[INFO] Building order-service 0.0.1-SNAPSHOT
[INFO]   from pom.xml
[INFO] --------------------------------[ jar ]---------------------------------
[INFO] 
[INFO] >>> spring-boot:3.5.7:run (default-cli) > test-compile @ order-service >>>
[INFO] 
[INFO] --- resources:3.3.1:resources (default-resources) @ order-service ---
[INFO] Copying 1 resource from src\main\resources to target\classes
[INFO] Copying 39 resources from src\main\resources to target\classes
[INFO] 
[INFO] --- compiler:3.14.1:compile (default-compile) @ order-service ---
[INFO] Nothing to compile - all classes are up to date.
[INFO] 
[INFO] --- resources:3.3.1:testResources (default-testResources) @ order-service ---
[INFO] skip non existing resourceDirectory C:\Users\f\Desktop\NBLBFINAl\order-service\src\test\resources
[INFO] 
[INFO] --- compiler:3.14.1:testCompile (default-testCompile) @ order-service ---
[INFO] Nothing to compile - all classes are up to date.
[INFO] 
[INFO] <<< spring-boot:3.5.7:run (default-cli) < test-compile @ order-service <<<
[INFO] 
[INFO] 
[INFO] --- spring-boot:3.5.7:run (default-cli) @ order-service ---
[INFO] Attaching agents: []

  .   ____          _            __ _ _
 /\\ / ___'_ __ _ _(_)_ __  __ _ \ \ \ \
( ( )\___ | '_ | '_| | '_ \/ _` | \ \ \ \
 \\/  ___)| |_)| | | | | || (_| |  ) ) ) )
  '  |____| .__|_| |_|_| |_\__, | / / / /
 =========|_|==============|___/=/_/_/_/

 :: Spring Boot ::                (v3.5.7)

2025-12-27T14:48:21.113+01:00  INFO 255264 --- [order-service] [           main] c.S.o.OrderServiceApplication            : Starting OrderServiceApplication using Java 17.0.7 with PID 255264 (C:\Users\f\Desktop\NBLBFINAl\order-service\target\classes started by MONTAHA in C:\Users\f\Desktop\NBLBFINAl\order-service)
2025-12-27T14:48:21.119+01:00  INFO 255264 --- [order-service] [           main] c.S.o.OrderServiceApplication            : No active profile set, falling back to 1 default profile: "default"
2025-12-27T14:48:23.785+01:00  INFO 255264 --- [order-service] [           main] .s.d.r.c.RepositoryConfigurationDelegate : Bootstrapping Spring Data JPA repositories in DEFAULT mode.
2025-12-27T14:48:24.154+01:00  INFO 255264 --- [order-service] [           main] .s.d.r.c.RepositoryConfigurationDelegate : Finished Spring Data repository scanning in 351 ms. Found 3 JPA repository interfaces.
2025-12-27T14:48:24.504+01:00  INFO 255264 --- [order-service] [           main] o.s.cloud.context.scope.GenericScope     : BeanFactory id=122f499a-3168-3f2b-9384-ec13531ac69d
2025-12-27T14:48:25.547+01:00  INFO 255264 --- [order-service] [           main] o.s.b.w.embedded.tomcat.TomcatWebServer  : Tomcat initialized with port 8091 (http)
2025-12-27T14:48:25.570+01:00  INFO 255264 --- [order-service] [           main] o.apache.catalina.core.StandardService   : Starting service [Tomcat]
2025-12-27T14:48:25.571+01:00  INFO 255264 --- [order-service] [           main] o.apache.catalina.core.StandardEngine    : Starting Servlet engine: [Apache Tomcat/10.1.48]
2025-12-27T14:48:25.697+01:00  INFO 255264 --- [order-service] [           main] o.a.c.c.C.[Tomcat].[localhost].[/]       : Initializing Spring embedded WebApplicationContext
2025-12-27T14:48:25.698+01:00  INFO 255264 --- [order-service] [           main] w.s.c.ServletWebServerApplicationContext : Root WebApplicationContext: initialization completed in 4475 ms
2025-12-27T14:48:26.132+01:00  INFO 255264 --- [order-service] [           main] com.zaxxer.hikari.HikariDataSource       : HikariPool-1 - Starting...
2025-12-27T14:48:26.476+01:00  INFO 255264 --- [order-service] [           main] com.zaxxer.hikari.pool.HikariPool        : HikariPool-1 - Added connection com.mysql.cj.jdbc.ConnectionImpl@44aeae34
2025-12-27T14:48:26.482+01:00  INFO 255264 --- [order-service] [           main] com.zaxxer.hikari.HikariDataSource       : HikariPool-1 - Start completed.
2025-12-27T14:48:27.025+01:00  INFO 255264 --- [order-service] [           main] o.hibernate.jpa.internal.util.LogHelper  : HHH000204: Processing PersistenceUnitInfo [name: default]
2025-12-27T14:48:27.110+01:00  INFO 255264 --- [order-service] [           main] org.hibernate.Version                    : HHH000412: Hibernate ORM core version 6.6.33.Final
2025-12-27T14:48:27.199+01:00  INFO 255264 --- [order-service] [           main] o.h.c.internal.RegionFactoryInitiator    : HHH000026: Second-level cache disabled
2025-12-27T14:48:27.721+01:00  INFO 255264 --- [order-service] [           main] o.s.o.j.p.SpringPersistenceUnitInfo      : No LoadTimeWeaver setup: ignoring JPA class transformer
2025-12-27T14:48:27.888+01:00  WARN 255264 --- [order-service] [           main] org.hibernate.dialect.Dialect            : HHH000511: The 5.5.5 version for [org.hibernate.dialect.MySQLDialect] is no longer supported, hence certain features may not work properly. The minimum supported version is 8.0.0. Check the community dialects project for available legacy versions.
2025-12-27T14:48:27.896+01:00  WARN 255264 --- [order-service] [           main] org.hibernate.orm.deprecation            : HHH90000025: MySQLDialect does not need to be specified explicitly using 'hibernate.dialect' (remove the property setting and it will be selected by default)
2025-12-27T14:48:27.926+01:00  INFO 255264 --- [order-service] [           main] org.hibernate.orm.connections.pooling    : HHH10001005: Database info:
	Database JDBC URL [Connecting through datasource 'HikariDataSource (HikariPool-1)']
	Database driver: undefined/unknown
	Database version: 5.5.5
	Autocommit mode: undefined/unknown
	Isolation level: undefined/unknown
	Minimum pool size: undefined/unknown
	Maximum pool size: undefined/unknown
2025-12-27T14:48:29.599+01:00  INFO 255264 --- [order-service] [           main] o.h.e.t.j.p.i.JtaPlatformInitiator       : HHH000489: No JTA platform available (set 'hibernate.transaction.jta.platform' to enable JTA platform integration)
2025-12-27T14:48:29.763+01:00  INFO 255264 --- [order-service] [           main] j.LocalContainerEntityManagerFactoryBean : Initialized JPA EntityManagerFactory for persistence unit 'default'
2025-12-27T14:48:30.193+01:00  INFO 255264 --- [order-service] [           main] o.s.d.j.r.query.QueryEnhancerFactory     : Hibernate is in classpath; If applicable, HQL parser will be used.
2025-12-27T14:48:30.852+01:00  WARN 255264 --- [order-service] [           main] JpaBaseConfiguration$JpaWebConfiguration : spring.jpa.open-in-view is enabled by default. Therefore, database queries may be performed during view rendering. Explicitly configure spring.jpa.open-in-view to disable this warning
2025-12-27T14:48:32.005+01:00  INFO 255264 --- [order-service] [           main] DiscoveryClientOptionalArgsConfiguration : Eureka HTTP Client uses RestTemplate.
2025-12-27T14:48:32.053+01:00  WARN 255264 --- [order-service] [           main] iguration$LoadBalancerCaffeineWarnLogger : Spring Cloud LoadBalancer is currently working with the default cache. While this cache implementation is useful for development and tests, it's recommended to use Caffeine cache in production.You can switch to using Caffeine cache, by adding it and org.springframework.cache.caffeine.CaffeineCacheManager to the classpath.
2025-12-27T14:48:32.084+01:00  INFO 255264 --- [order-service] [           main] o.s.b.a.e.web.EndpointLinksResolver      : Exposing 16 endpoints beneath base path '/actuator'
2025-12-27T14:48:32.175+01:00  INFO 255264 --- [order-service] [           main] o.s.c.n.eureka.InstanceInfoFactory       : Setting initial instance status as: STARTING
2025-12-27T14:48:32.207+01:00  INFO 255264 --- [order-service] [           main] com.netflix.discovery.DiscoveryClient    : Initializing Eureka in region us-east-1
2025-12-27T14:48:32.214+01:00  INFO 255264 --- [order-service] [           main] c.n.d.s.r.aws.ConfigClusterResolver      : Resolving eureka endpoints via configuration
2025-12-27T14:48:32.225+01:00  INFO 255264 --- [order-service] [           main] com.netflix.discovery.DiscoveryClient    : Disable delta property : false
2025-12-27T14:48:32.225+01:00  INFO 255264 --- [order-service] [           main] com.netflix.discovery.DiscoveryClient    : Single vip registry refresh property : null
2025-12-27T14:48:32.226+01:00  INFO 255264 --- [order-service] [           main] com.netflix.discovery.DiscoveryClient    : Force full registry fetch : false
2025-12-27T14:48:32.226+01:00  INFO 255264 --- [order-service] [           main] com.netflix.discovery.DiscoveryClient    : Application is null : false
2025-12-27T14:48:32.226+01:00  INFO 255264 --- [order-service] [           main] com.netflix.discovery.DiscoveryClient    : Registered Applications size is zero : true
2025-12-27T14:48:32.226+01:00  INFO 255264 --- [order-service] [           main] com.netflix.discovery.DiscoveryClient    : Application version is -1: true
2025-12-27T14:48:32.226+01:00  INFO 255264 --- [order-service] [           main] com.netflix.discovery.DiscoveryClient    : Getting all instance registry info from the eureka server
2025-12-27T14:48:32.684+01:00  INFO 255264 --- [order-service] [           main] com.netflix.discovery.DiscoveryClient    : The response status is 200
2025-12-27T14:48:32.686+01:00  INFO 255264 --- [order-service] [           main] com.netflix.discovery.DiscoveryClient    : Starting heartbeat executor: renew interval is: 30
2025-12-27T14:48:32.688+01:00  INFO 255264 --- [order-service] [           main] c.n.discovery.InstanceInfoReplicator     : InstanceInfoReplicator onDemand update allowed rate per min is 4
2025-12-27T14:48:32.690+01:00  INFO 255264 --- [order-service] [           main] com.netflix.discovery.DiscoveryClient    : Discovery Client initialized at timestamp 1766843312689 with initial instances count: 5
2025-12-27T14:48:32.693+01:00  INFO 255264 --- [order-service] [           main] o.s.c.n.e.s.EurekaServiceRegistry        : Registering application ORDER-SERVICE with eureka with status UP
2025-12-27T14:48:32.694+01:00  INFO 255264 --- [order-service] [           main] com.netflix.discovery.DiscoveryClient    : Saw local status change event StatusChangeEvent [timestamp=1766843312694, current=UP, previous=STARTING]
2025-12-27T14:48:32.695+01:00  INFO 255264 --- [order-service] [foReplicator-%d] com.netflix.discovery.DiscoveryClient    : DiscoveryClient_ORDER-SERVICE/DESKTOP-1KJNFGD:order-service:8091: registering service...
2025-12-27T14:48:32.718+01:00  INFO 255264 --- [order-service] [           main] o.s.b.w.embedded.tomcat.TomcatWebServer  : Tomcat started on port 8091 (http) with context path '/'
2025-12-27T14:48:32.719+01:00  INFO 255264 --- [order-service] [           main] .s.c.n.e.s.EurekaAutoServiceRegistration : Updating port to 8091
2025-12-27T14:48:32.765+01:00  INFO 255264 --- [order-service] [foReplicator-%d] com.netflix.discovery.DiscoveryClient    : DiscoveryClient_ORDER-SERVICE/DESKTOP-1KJNFGD:order-service:8091 - registration status: 204
2025-12-27T14:48:32.824+01:00  INFO 255264 --- [order-service] [           main] c.S.o.OrderServiceApplication            : Started OrderServiceApplication in 12.725 seconds (process running for 13.846)
2025-12-27T14:49:26.284+01:00  INFO 255264 --- [order-service] [nio-8091-exec-1] o.a.c.c.C.[Tomcat].[localhost].[/]       : Initializing Spring DispatcherServlet 'dispatcherServlet'
2025-12-27T14:49:26.284+01:00  INFO 255264 --- [order-service] [nio-8091-exec-1] o.s.web.servlet.DispatcherServlet        : Initializing Servlet 'dispatcherServlet'
2025-12-27T14:49:26.287+01:00  INFO 255264 --- [order-service] [nio-8091-exec-1] o.s.web.servlet.DispatcherServlet        : Completed initialization in 3 ms
Hibernate: insert into product (added_by,category,created_at,description,expiery_date,image_url,name,price,quantity,status) values (?,?,?,?,?,?,?,?,?,?)
Hibernate: select p1_0.id,p1_0.added_by,p1_0.category,p1_0.created_at,p1_0.description,p1_0.expiery_date,p1_0.image_url,p1_0.name,p1_0.price,p1_0.quantity,p1_0.status from product p1_0
2025-12-27T14:53:32.243+01:00  INFO 255264 --- [order-service] [rap-executor-%d] c.n.d.s.r.aws.ConfigClusterResolver      : Resolving eureka endpoints via configuration
2025-12-27T14:58:32.271+01:00  INFO 255264 --- [order-service] [rap-executor-%d] c.n.d.s.r.aws.ConfigClusterResolver      : Resolving eureka endpoints via configuration
^C